TN:
SF:dist/assets/index-BSkuvgD7.js
FN:1,(empty-report)
FNF:1
FNH:0
FNDA:0,(empty-report)
DA:1,0
DA:2,0
DA:3,0
DA:4,0
DA:5,0
DA:6,0
DA:7,0
DA:8,0
DA:9,0
DA:10,0
DA:11,0
DA:12,0
DA:13,0
DA:14,0
DA:15,0
DA:16,0
DA:17,0
DA:18,0
DA:19,0
DA:20,0
DA:21,0
DA:22,0
DA:23,0
DA:24,0
DA:25,0
DA:26,0
DA:27,0
DA:28,0
DA:29,0
DA:30,0
DA:31,0
DA:32,0
DA:33,0
DA:34,0
DA:35,0
DA:36,0
DA:37,0
DA:38,0
DA:39,0
DA:40,0
DA:41,0
DA:42,0
DA:43,0
DA:44,0
DA:45,0
DA:46,0
DA:47,0
DA:48,0
DA:49,0
DA:50,0
DA:51,0
DA:52,0
DA:53,0
DA:54,0
DA:55,0
DA:56,0
DA:57,0
DA:58,0
DA:59,0
DA:60,0
DA:61,0
DA:62,0
DA:63,0
DA:64,0
DA:65,0
DA:66,0
DA:67,0
DA:68,0
DA:69,0
DA:70,0
DA:71,0
DA:72,0
DA:73,0
DA:74,0
DA:75,0
DA:76,0
DA:77,0
LF:77
LH:0
BRDA:1,0,0,0
BRF:1
BRH:0
end_of_record
TN:
SF:src/js/components/AuthContext.tsx
FN:15,setUser
FN:17,checkAuth
FN:20,AuthProvider
FN:28,checkAuth
FN:46,useAuth
FNF:5
FNH:3
FNDA:0,setUser
FNDA:0,checkAuth
FNDA:8,AuthProvider
FNDA:4,checkAuth
FNDA:8,useAuth
DA:1,1
DA:13,1
DA:14,1
DA:15,1
DA:16,1
DA:17,1
DA:18,1
DA:20,8
DA:21,8
DA:22,8
DA:24,8
DA:25,4
DA:26,8
DA:28,8
DA:29,4
DA:30,4
DA:31,2
DA:32,2
DA:33,2
DA:34,4
DA:35,4
DA:36,4
DA:37,4
DA:39,8
DA:40,8
DA:41,8
DA:42,8
DA:44,8
DA:46,1
LF:29
LH:29
BRDA:20,0,0,8
BRDA:24,1,0,4
BRDA:28,2,0,4
BRDA:30,3,0,2
BRDA:46,4,0,8
BRF:5
BRH:5
end_of_record
TN:
SF:src/js/components/ProtectedRouter.tsx
FN:6,ProtectedRoute
FNF:1
FNH:1
FNDA:4,ProtectedRoute
DA:1,1
DA:2,1
DA:3,1
DA:6,4
DA:7,4
DA:9,4
DA:10,2
DA:11,2
DA:13,4
DA:14,1
DA:15,1
DA:17,1
DA:18,1
DA:20,1
LF:14
LH:14
BRDA:6,0,0,4
BRDA:9,1,0,2
BRDA:13,2,0,1
BRF:3
BRH:3
end_of_record
TN:
SF:src/js/components/alert.tsx
FN:18,Alert
FN:53,AlertTitle
FN:68,AlertDescription
FN:81,AlertBody
FN:85,AlertActions
FNF:5
FNH:5
FNDA:1,Alert
FNDA:1,AlertTitle
FNDA:1,AlertDescription
FNDA:1,AlertBody
FNDA:1,AlertActions
DA:1,1
DA:6,1
DA:7,1
DA:8,1
DA:9,1
DA:10,1
DA:11,1
DA:12,1
DA:13,1
DA:14,1
DA:15,1
DA:16,1
DA:18,1
DA:19,1
DA:20,1
DA:21,1
DA:22,1
DA:23,1
DA:26,1
DA:27,1
DA:28,1
DA:29,1
DA:30,1
DA:31,1
DA:32,1
DA:34,1
DA:35,1
DA:36,1
DA:37,1
DA:38,1
DA:39,1
DA:40,1
DA:41,1
DA:42,1
DA:43,1
DA:45,1
DA:46,1
DA:47,1
DA:48,1
DA:49,1
DA:51,1
DA:53,1
DA:54,1
DA:55,1
DA:56,1
DA:57,1
DA:58,1
DA:59,1
DA:60,1
DA:61,1
DA:62,1
DA:63,1
DA:64,1
DA:66,1
DA:68,1
DA:69,1
DA:70,1
DA:71,1
DA:72,1
DA:73,1
DA:74,1
DA:75,1
DA:76,1
DA:77,1
DA:79,1
DA:81,1
DA:82,1
DA:83,1
DA:85,1
DA:86,1
DA:87,1
DA:88,1
DA:89,1
DA:90,1
DA:91,1
DA:92,1
DA:93,1
DA:95,1
LF:78
LH:78
BRDA:18,0,0,1
BRDA:53,1,0,1
BRDA:68,2,0,1
BRDA:81,3,0,1
BRDA:85,4,0,1
BRF:5
BRH:5
end_of_record
TN:
SF:src/js/components/auth-layout.tsx
FN:3,AuthLayout
FNF:1
FNH:1
FNDA:5,AuthLayout
DA:1,1
DA:3,1
DA:4,5
DA:5,5
DA:6,5
DA:7,5
DA:8,5
DA:9,5
DA:11,5
LF:9
LH:9
BRDA:3,0,0,5
BRF:1
BRH:1
end_of_record
TN:
SF:src/js/components/avatar.tsx
FN:15,Avatar
FN:53,AvatarButton2
FNF:2
FNH:2
FNDA:4,Avatar
FNDA:2,AvatarButton2
DA:1,1
DA:15,1
DA:16,4
DA:17,4
DA:18,4
DA:19,4
DA:20,4
DA:21,4
DA:22,4
DA:23,4
DA:24,4
DA:25,4
DA:26,4
DA:27,4
DA:28,4
DA:30,4
DA:31,4
DA:33,4
DA:34,4
DA:36,4
DA:37,3
DA:38,3
DA:39,3
DA:40,3
DA:42,3
DA:43,3
DA:44,3
DA:45,3
DA:46,3
DA:48,4
DA:49,4
DA:51,4
DA:53,1
DA:54,2
DA:55,2
DA:56,2
DA:57,2
DA:58,2
DA:59,2
DA:60,2
DA:61,2
DA:66,2
DA:67,2
DA:68,2
DA:69,2
DA:70,2
DA:71,2
DA:72,2
DA:74,2
DA:75,1
DA:76,1
DA:77,1
DA:78,1
DA:79,1
DA:81,1
DA:82,1
DA:83,1
DA:84,1
DA:85,1
DA:87,2
LF:60
LH:60
BRDA:15,0,0,4
BRDA:33,1,0,0
BRDA:36,2,0,3
BRDA:40,3,0,1
BRDA:40,4,0,2
BRDA:42,5,0,1
BRDA:48,6,0,1
BRDA:53,7,0,2
BRDA:70,8,0,0
BRDA:74,9,0,1
BRDA:79,10,0,1
BRF:11
BRH:9
end_of_record
TN:
SF:src/js/components/badge.tsx
FN:39,Badge
FN:52,BadgeButton2
FNF:2
FNH:2
FNDA:3,Badge
FNDA:2,BadgeButton2
DA:1,1
DA:7,1
DA:8,1
DA:9,1
DA:10,1
DA:11,1
DA:12,1
DA:13,1
DA:14,1
DA:15,1
DA:16,1
DA:17,1
DA:18,1
DA:19,1
DA:20,1
DA:21,1
DA:22,1
DA:23,1
DA:24,1
DA:25,1
DA:26,1
DA:27,1
DA:28,1
DA:29,1
DA:30,1
DA:31,1
DA:32,1
DA:33,1
DA:34,1
DA:35,1
DA:39,1
DA:40,3
DA:41,3
DA:42,3
DA:43,3
DA:44,3
DA:45,3
DA:46,3
DA:47,3
DA:48,3
DA:50,3
DA:52,1
DA:53,2
DA:54,2
DA:55,2
DA:56,2
DA:57,2
DA:58,2
DA:62,2
DA:63,2
DA:64,2
DA:65,2
DA:66,2
DA:67,2
DA:69,2
DA:70,1
DA:71,1
DA:72,1
DA:73,1
DA:74,1
DA:76,1
DA:77,1
DA:78,1
DA:79,1
DA:80,1
DA:82,2
LF:66
LH:66
BRDA:39,0,0,3
BRDA:52,1,0,2
BRDA:69,2,0,1
BRDA:74,3,0,1
BRF:4
BRH:4
end_of_record
TN:
SF:src/js/components/button.tsx
FN:181,Button2
FN:205,TouchTarget
FNF:2
FNH:2
FNDA:17,Button2
FNDA:29,TouchTarget
DA:1,1
DA:6,1
DA:7,1
DA:9,1
DA:11,1
DA:13,1
DA:15,1
DA:17,1
DA:18,1
DA:19,1
DA:21,1
DA:23,1
DA:25,1
DA:27,1
DA:29,1
DA:31,1
DA:33,1
DA:35,1
DA:37,1
DA:39,1
DA:41,1
DA:42,1
DA:43,1
DA:45,1
DA:47,1
DA:49,1
DA:50,1
DA:51,1
DA:53,1
DA:55,1
DA:57,1
DA:58,1
DA:59,1
DA:61,1
DA:62,1
DA:63,1
DA:64,1
DA:65,1
DA:66,1
DA:67,1
DA:68,1
DA:69,1
DA:70,1
DA:71,1
DA:72,1
DA:73,1
DA:74,1
DA:75,1
DA:76,1
DA:77,1
DA:78,1
DA:79,1
DA:80,1
DA:81,1
DA:82,1
DA:83,1
DA:84,1
DA:85,1
DA:86,1
DA:87,1
DA:88,1
DA:89,1
DA:90,1
DA:91,1
DA:92,1
DA:93,1
DA:94,1
DA:95,1
DA:96,1
DA:97,1
DA:98,1
DA:99,1
DA:100,1
DA:101,1
DA:102,1
DA:103,1
DA:104,1
DA:105,1
DA:106,1
DA:107,1
DA:108,1
DA:109,1
DA:110,1
DA:111,1
DA:112,1
DA:113,1
DA:114,1
DA:115,1
DA:116,1
DA:117,1
DA:118,1
DA:119,1
DA:120,1
DA:121,1
DA:122,1
DA:123,1
DA:124,1
DA:125,1
DA:126,1
DA:127,1
DA:128,1
DA:129,1
DA:130,1
DA:131,1
DA:132,1
DA:133,1
DA:134,1
DA:135,1
DA:136,1
DA:137,1
DA:138,1
DA:139,1
DA:140,1
DA:141,1
DA:142,1
DA:143,1
DA:144,1
DA:145,1
DA:146,1
DA:147,1
DA:148,1
DA:149,1
DA:150,1
DA:151,1
DA:152,1
DA:153,1
DA:154,1
DA:155,1
DA:156,1
DA:157,1
DA:158,1
DA:159,1
DA:160,1
DA:161,1
DA:162,1
DA:163,1
DA:164,1
DA:165,1
DA:166,1
DA:167,1
DA:168,1
DA:169,1
DA:170,1
DA:181,1
DA:182,17
DA:183,17
DA:184,17
DA:185,17
DA:186,17
DA:187,17
DA:188,17
DA:189,17
DA:191,17
DA:192,4
DA:193,4
DA:194,4
DA:196,13
DA:197,13
DA:198,13
DA:200,17
DA:205,1
DA:206,29
DA:207,29
DA:208,29
DA:209,29
DA:210,29
DA:211,29
DA:212,29
DA:213,29
DA:215,29
LF:170
LH:170
BRDA:181,0,0,17
BRDA:188,1,0,1
BRDA:188,2,0,16
BRDA:188,3,0,5
BRDA:188,4,0,11
BRDA:188,5,0,7
BRDA:191,6,0,4
BRDA:194,7,0,13
BRDA:205,8,0,29
BRF:9
BRH:9
end_of_record
TN:
SF:src/js/components/card.tsx
FNF:0
FNH:0
DA:1,1
DA:2,1
DA:4,1
DA:5,1
DA:6,1
DA:7,1
DA:8,1
DA:9,1
DA:10,1
DA:11,1
DA:12,1
DA:13,1
DA:14,1
DA:16,1
DA:17,1
DA:19,1
DA:21,1
LF:17
LH:17
BRDA:5,0,0,1
BRF:1
BRH:1
end_of_record
TN:
SF:src/js/components/checkbox.tsx
FN:5,CheckboxGroup
FN:21,CheckboxField
FN:117,Checkbox
FNF:3
FNH:3
FNDA:1,CheckboxGroup
FNDA:2,CheckboxField
FNDA:2,Checkbox
DA:1,1
DA:5,1
DA:6,1
DA:7,1
DA:8,1
DA:9,1
DA:10,1
DA:11,1
DA:13,1
DA:15,1
DA:16,1
DA:17,1
DA:19,1
DA:21,1
DA:22,2
DA:23,2
DA:24,2
DA:25,2
DA:26,2
DA:27,2
DA:28,2
DA:29,2
DA:30,2
DA:32,2
DA:34,2
DA:36,2
DA:38,2
DA:40,2
DA:41,2
DA:42,2
DA:44,2
DA:46,1
DA:48,1
DA:50,1
DA:52,1
DA:54,1
DA:56,1
DA:58,1
DA:59,1
DA:61,1
DA:62,1
DA:64,1
DA:66,1
DA:67,1
DA:68,1
DA:70,1
DA:71,1
DA:72,1
DA:74,1
DA:75,1
DA:76,1
DA:77,1
DA:78,1
DA:79,1
DA:80,1
DA:81,1
DA:82,1
DA:83,1
DA:84,1
DA:85,1
DA:86,1
DA:87,1
DA:88,1
DA:89,1
DA:90,1
DA:91,1
DA:92,1
DA:93,1
DA:94,1
DA:95,1
DA:96,1
DA:97,1
DA:98,1
DA:99,1
DA:100,1
DA:101,1
DA:102,1
DA:103,1
DA:104,1
DA:105,1
DA:106,1
DA:107,1
DA:108,1
DA:109,1
DA:110,1
DA:111,1
DA:112,1
DA:113,1
DA:117,1
DA:118,2
DA:119,2
DA:120,2
DA:121,2
DA:124,2
DA:125,2
DA:126,2
DA:127,2
DA:128,2
DA:129,2
DA:131,2
DA:132,2
DA:133,2
DA:134,2
DA:135,2
DA:138,2
DA:139,2
DA:140,2
DA:141,2
DA:142,2
DA:143,2
DA:144,2
DA:146,2
DA:147,2
DA:148,2
DA:149,2
DA:150,2
DA:151,2
DA:152,2
DA:153,2
DA:154,2
DA:155,2
DA:157,2
LF:122
LH:122
BRDA:5,0,0,1
BRDA:21,1,0,2
BRDA:117,2,0,2
BRF:3
BRH:3
end_of_record
TN:
SF:src/js/components/combobox.tsx
FN:1,(empty-report)
FNF:1
FNH:0
FNDA:0,(empty-report)
DA:1,0
DA:7,0
DA:8,0
DA:9,0
DA:10,0
DA:11,0
DA:12,0
DA:13,0
DA:14,0
DA:15,0
DA:16,0
DA:17,0
DA:18,0
DA:27,0
DA:28,0
DA:30,0
DA:31,0
DA:32,0
DA:33,0
DA:34,0
DA:35,0
DA:37,0
DA:38,0
DA:39,0
DA:40,0
DA:41,0
DA:42,0
DA:44,0
DA:46,0
DA:48,0
DA:50,0
DA:52,0
DA:54,0
DA:55,0
DA:57,0
DA:58,0
DA:59,0
DA:60,0
DA:61,0
DA:62,0
DA:63,0
DA:64,0
DA:65,0
DA:67,0
DA:69,0
DA:71,0
DA:73,0
DA:75,0
DA:77,0
DA:79,0
DA:81,0
DA:83,0
DA:84,0
DA:85,0
DA:86,0
DA:87,0
DA:88,0
DA:89,0
DA:90,0
DA:91,0
DA:93,0
DA:94,0
DA:95,0
DA:96,0
DA:97,0
DA:98,0
DA:99,0
DA:100,0
DA:101,0
DA:103,0
DA:105,0
DA:107,0
DA:109,0
DA:111,0
DA:113,0
DA:115,0
DA:116,0
DA:118,0
DA:119,0
DA:120,0
DA:122,0
DA:124,0
DA:125,0
DA:126,0
DA:127,0
DA:128,0
DA:131,0
DA:132,0
DA:134,0
DA:136,0
DA:137,0
DA:138,0
DA:140,0
DA:141,0
DA:143,0
DA:144,0
DA:145,0
DA:146,0
DA:148,0
DA:150,0
DA:152,0
DA:154,0
DA:156,0
DA:157,0
DA:159,0
DA:160,0
DA:161,0
DA:162,0
DA:163,0
DA:164,0
DA:166,0
DA:167,0
DA:168,0
DA:170,0
DA:172,0
DA:173,0
DA:174,0
DA:176,0
DA:177,0
DA:178,0
DA:179,0
DA:180,0
DA:181,0
DA:182,0
DA:183,0
DA:185,0
DA:186,0
DA:188,0
LF:128
LH:0
BRDA:1,0,0,0
BRF:1
BRH:0
end_of_record
TN:
SF:src/js/components/description-list.tsx
FN:3,DescriptionList
FN:15,DescriptionTerm
FN:27,DescriptionDetails
FNF:3
FNH:3
FNDA:3,DescriptionList
FNDA:6,DescriptionTerm
FNDA:9,DescriptionDetails
DA:1,1
DA:3,1
DA:4,3
DA:5,3
DA:6,3
DA:7,3
DA:8,3
DA:9,3
DA:10,3
DA:11,3
DA:13,3
DA:15,1
DA:16,6
DA:17,6
DA:18,6
DA:19,6
DA:20,6
DA:21,6
DA:22,6
DA:23,6
DA:25,6
DA:27,1
DA:28,9
DA:29,9
DA:30,9
DA:31,9
DA:32,9
DA:33,9
DA:34,9
DA:35,9
DA:37,9
LF:31
LH:31
BRDA:3,0,0,3
BRDA:15,1,0,6
BRDA:27,2,0,9
BRF:3
BRH:3
end_of_record
TN:
SF:src/js/components/dialog.tsx
FN:18,Dialog
FN:53,DialogTitle
FN:65,DialogDescription
FN:72,DialogBody
FN:76,DialogActions
FNF:5
FNH:5
FNDA:6,Dialog
FNDA:4,DialogTitle
FNDA:3,DialogDescription
FNDA:4,DialogBody
FNDA:4,DialogActions
DA:1,1
DA:6,1
DA:7,1
DA:8,1
DA:9,1
DA:10,1
DA:11,1
DA:12,1
DA:13,1
DA:14,1
DA:15,1
DA:16,1
DA:18,1
DA:19,6
DA:20,6
DA:21,6
DA:22,6
DA:23,6
DA:26,6
DA:27,6
DA:28,6
DA:29,6
DA:30,6
DA:31,6
DA:32,6
DA:34,6
DA:35,6
DA:36,6
DA:37,6
DA:38,6
DA:39,6
DA:40,6
DA:41,6
DA:42,6
DA:43,6
DA:45,6
DA:46,6
DA:47,6
DA:48,6
DA:49,6
DA:51,6
DA:53,1
DA:54,4
DA:55,4
DA:56,4
DA:57,4
DA:58,4
DA:59,4
DA:60,4
DA:61,4
DA:63,4
DA:65,1
DA:66,3
DA:67,3
DA:68,3
DA:69,3
DA:70,3
DA:72,1
DA:73,4
DA:74,4
DA:76,1
DA:77,4
DA:78,4
DA:79,4
DA:80,4
DA:81,4
DA:82,4
DA:83,4
DA:84,4
DA:86,4
LF:70
LH:70
BRDA:18,0,0,6
BRDA:53,1,0,4
BRDA:65,2,0,3
BRDA:72,3,0,4
BRDA:76,4,0,4
BRF:5
BRH:5
end_of_record
TN:
SF:src/js/components/divider.tsx
FN:3,Divider
FNF:1
FNH:1
FNDA:2,Divider
DA:1,1
DA:3,1
DA:4,2
DA:5,2
DA:6,2
DA:7,2
DA:8,2
DA:9,2
DA:10,2
DA:11,2
DA:12,2
DA:13,2
DA:14,2
DA:15,2
DA:16,2
DA:17,2
DA:18,2
DA:20,2
LF:18
LH:18
BRDA:3,0,0,2
BRDA:15,1,0,1
BRDA:16,2,0,1
BRF:3
BRH:3
end_of_record
TN:
SF:src/js/components/dropdown.tsx
FN:1,(empty-report)
FNF:1
FNH:0
FNDA:0,(empty-report)
DA:1,0
DA:9,0
DA:10,0
DA:11,0
DA:13,0
DA:14,0
DA:15,0
DA:16,0
DA:17,0
DA:18,0
DA:20,0
DA:21,0
DA:22,0
DA:23,0
DA:24,0
DA:25,0
DA:26,0
DA:27,0
DA:28,0
DA:29,0
DA:30,0
DA:31,0
DA:33,0
DA:35,0
DA:37,0
DA:39,0
DA:41,0
DA:43,0
DA:45,0
DA:47,0
DA:48,0
DA:49,0
DA:51,0
DA:53,0
DA:54,0
DA:55,0
DA:56,0
DA:59,0
DA:60,0
DA:61,0
DA:63,0
DA:65,0
DA:67,0
DA:69,0
DA:71,0
DA:73,0
DA:75,0
DA:76,0
DA:78,0
DA:79,0
DA:81,0
DA:82,0
DA:84,0
DA:86,0
DA:88,0
DA:89,0
DA:90,0
DA:92,0
DA:93,0
DA:94,0
DA:95,0
DA:96,0
DA:97,0
DA:98,0
DA:99,0
DA:100,0
DA:102,0
DA:103,0
DA:104,0
DA:106,0
DA:108,0
DA:109,0
DA:110,0
DA:111,0
DA:112,0
DA:113,0
DA:114,0
DA:115,0
DA:116,0
DA:117,0
DA:118,0
DA:119,0
DA:121,0
DA:123,0
DA:124,0
DA:125,0
DA:126,0
DA:127,0
DA:128,0
DA:129,0
DA:130,0
DA:131,0
DA:132,0
DA:133,0
DA:134,0
DA:136,0
DA:138,0
DA:139,0
DA:140,0
DA:142,0
DA:143,0
DA:144,0
DA:145,0
DA:146,0
DA:147,0
DA:148,0
DA:149,0
DA:150,0
DA:151,0
DA:152,0
DA:153,0
DA:154,0
DA:156,0
DA:158,0
DA:159,0
DA:160,0
DA:161,0
DA:162,0
DA:163,0
DA:164,0
DA:165,0
DA:166,0
DA:167,0
DA:169,0
DA:170,0
DA:171,0
DA:172,0
DA:173,0
DA:175,0
DA:176,0
DA:178,0
DA:179,0
DA:180,0
DA:181,0
DA:183,0
LF:135
LH:0
BRDA:1,0,0,0
BRF:1
BRH:0
end_of_record
TN:
SF:src/js/components/fieldset.tsx
FN:5,Fieldset
FN:17,Legend
FN:33,FieldGroup
FN:37,Field
FN:54,Label
FN:67,Description
FN:80,ErrorMessage
FNF:7
FNH:7
FNDA:1,Fieldset
FNDA:1,Legend
FNDA:1,FieldGroup
FNDA:6,Field
FNDA:7,Label
FNDA:1,Description
FNDA:1,ErrorMessage
DA:1,1
DA:5,1
DA:6,1
DA:7,1
DA:8,1
DA:9,1
DA:10,1
DA:11,1
DA:12,1
DA:13,1
DA:15,1
DA:17,1
DA:18,1
DA:19,1
DA:20,1
DA:21,1
DA:22,1
DA:23,1
DA:24,1
DA:25,1
DA:26,1
DA:27,1
DA:28,1
DA:29,1
DA:31,1
DA:33,1
DA:34,1
DA:35,1
DA:37,1
DA:38,6
DA:39,6
DA:40,6
DA:41,6
DA:42,6
DA:43,6
DA:44,6
DA:45,6
DA:46,6
DA:47,6
DA:48,6
DA:49,6
DA:50,6
DA:52,6
DA:54,1
DA:55,7
DA:56,7
DA:57,7
DA:58,7
DA:59,7
DA:60,7
DA:61,7
DA:62,7
DA:63,7
DA:65,7
DA:67,1
DA:68,1
DA:69,1
DA:70,1
DA:71,1
DA:72,1
DA:73,1
DA:74,1
DA:75,1
DA:76,1
DA:78,1
DA:80,1
DA:81,1
DA:82,1
DA:83,1
DA:84,1
DA:85,1
DA:86,1
DA:87,1
DA:88,1
DA:89,1
DA:91,1
LF:76
LH:76
BRDA:5,0,0,1
BRDA:17,1,0,1
BRDA:33,2,0,1
BRDA:37,3,0,6
BRDA:54,4,0,7
BRDA:67,5,0,1
BRDA:80,6,0,1
BRF:7
BRH:7
end_of_record
TN:
SF:src/js/components/heading.tsx
FN:7,Heading
FN:18,Subheading
FNF:2
FNH:2
FNDA:5,Heading
FNDA:1,Subheading
DA:1,1
DA:7,1
DA:8,5
DA:10,5
DA:11,5
DA:12,5
DA:13,5
DA:14,5
DA:16,5
DA:18,1
DA:19,1
DA:21,1
DA:22,1
DA:23,1
DA:24,1
DA:25,1
DA:27,1
LF:17
LH:17
BRDA:7,0,0,5
BRDA:18,1,0,1
BRF:2
BRH:2
end_of_record
TN:
SF:src/js/components/input.tsx
FN:5,InputGroup
FN:25,Input2
FNF:2
FNH:2
FNDA:1,InputGroup
FNDA:6,Input2
DA:1,1
DA:5,1
DA:6,1
DA:7,1
DA:8,1
DA:9,1
DA:10,1
DA:11,1
DA:12,1
DA:13,1
DA:14,1
DA:15,1
DA:17,1
DA:18,1
DA:20,1
DA:22,1
DA:25,1
DA:26,6
DA:27,6
DA:28,6
DA:29,6
DA:33,6
DA:34,6
DA:35,6
DA:36,6
DA:37,6
DA:38,6
DA:39,6
DA:41,6
DA:43,6
DA:45,6
DA:47,6
DA:49,6
DA:50,6
DA:52,6
DA:53,6
DA:54,6
DA:55,6
DA:57,6
DA:58,6
DA:59,0
DA:60,0
DA:61,0
DA:62,0
DA:63,0
DA:64,0
DA:65,0
DA:66,0
DA:67,0
DA:68,0
DA:69,0
DA:70,0
DA:71,0
DA:73,6
DA:75,6
DA:77,6
DA:79,6
DA:81,6
DA:83,6
DA:85,6
DA:87,6
DA:88,6
DA:89,6
DA:90,6
DA:92,6
LF:65
LH:52
BRDA:5,0,0,1
BRDA:25,1,0,6
BRDA:57,2,0,5
BRDA:58,3,0,0
BRF:4
BRH:3
end_of_record
TN:
SF:src/js/components/link.tsx
FN:12,Link2
FNF:1
FNH:1
FNDA:16,Link2
DA:1,1
DA:12,1
DA:13,16
DA:14,16
DA:15,16
DA:16,16
DA:17,16
DA:18,16
DA:19,16
DA:21,16
LF:10
LH:10
BRDA:12,0,0,16
BRF:1
BRH:1
end_of_record
TN:
SF:src/js/components/listbox.tsx
FN:1,(empty-report)
FNF:1
FNH:0
FNDA:0,(empty-report)
DA:1,0
DA:7,0
DA:8,0
DA:9,0
DA:10,0
DA:11,0
DA:12,0
DA:13,0
DA:14,0
DA:20,0
DA:21,0
DA:22,0
DA:23,0
DA:24,0
DA:25,0
DA:26,0
DA:27,0
DA:28,0
DA:30,0
DA:32,0
DA:34,0
DA:36,0
DA:38,0
DA:40,0
DA:41,0
DA:43,0
DA:44,0
DA:45,0
DA:46,0
DA:47,0
DA:49,0
DA:51,0
DA:53,0
DA:55,0
DA:57,0
DA:59,0
DA:61,0
DA:63,0
DA:64,0
DA:65,0
DA:66,0
DA:67,0
DA:68,0
DA:69,0
DA:70,0
DA:71,0
DA:73,0
DA:74,0
DA:75,0
DA:76,0
DA:77,0
DA:78,0
DA:79,0
DA:80,0
DA:81,0
DA:83,0
DA:85,0
DA:87,0
DA:89,0
DA:91,0
DA:93,0
DA:95,0
DA:96,0
DA:98,0
DA:99,0
DA:100,0
DA:102,0
DA:104,0
DA:105,0
DA:106,0
DA:107,0
DA:108,0
DA:111,0
DA:112,0
DA:114,0
DA:116,0
DA:117,0
DA:118,0
DA:120,0
DA:121,0
DA:123,0
DA:124,0
DA:125,0
DA:126,0
DA:127,0
DA:128,0
DA:130,0
DA:131,0
DA:132,0
DA:134,0
DA:136,0
DA:138,0
DA:140,0
DA:142,0
DA:143,0
DA:145,0
DA:146,0
DA:147,0
DA:148,0
DA:149,0
DA:151,0
DA:152,0
DA:153,0
DA:154,0
DA:156,0
DA:157,0
DA:159,0
DA:161,0
DA:162,0
DA:163,0
DA:165,0
DA:166,0
DA:167,0
DA:168,0
DA:169,0
DA:170,0
DA:171,0
DA:172,0
DA:174,0
DA:175,0
DA:177,0
LF:121
LH:0
BRDA:1,0,0,0
BRF:1
BRH:0
end_of_record
TN:
SF:src/js/components/navbar.tsx
FN:10,Navbar
FN:14,NavbarDivider
FN:18,NavbarSection
FN:28,NavbarSpacer
FN:32,NavbarItem2
FN:94,NavbarLabel
FNF:6
FNH:6
FNDA:1,Navbar
FNDA:1,NavbarDivider
FNDA:1,NavbarSection
FNDA:1,NavbarSpacer
FNDA:5,NavbarItem2
FNDA:2,NavbarLabel
DA:1,1
DA:10,1
DA:11,1
DA:12,1
DA:14,1
DA:15,1
DA:16,1
DA:18,1
DA:19,1
DA:21,1
DA:22,1
DA:23,1
DA:24,1
DA:26,1
DA:28,1
DA:29,1
DA:30,1
DA:32,1
DA:33,5
DA:34,5
DA:35,5
DA:36,5
DA:37,5
DA:38,5
DA:42,5
DA:43,5
DA:44,5
DA:46,5
DA:48,5
DA:50,5
DA:52,5
DA:54,5
DA:56,5
DA:58,5
DA:59,5
DA:60,5
DA:61,5
DA:63,5
DA:64,5
DA:65,5
DA:66,1
DA:67,1
DA:68,1
DA:69,1
DA:71,5
DA:72,1
DA:73,1
DA:74,1
DA:75,1
DA:76,1
DA:78,1
DA:79,1
DA:81,4
DA:82,4
DA:83,4
DA:84,4
DA:85,4
DA:87,4
DA:88,4
DA:90,5
DA:92,5
DA:94,1
DA:95,2
DA:96,2
LF:64
LH:64
BRDA:10,0,0,1
BRDA:14,1,0,1
BRDA:18,2,0,1
BRDA:28,3,0,1
BRDA:32,4,0,5
BRDA:65,5,0,1
BRDA:71,6,0,1
BRDA:75,7,0,0
BRDA:79,8,0,4
BRDA:84,9,0,1
BRDA:84,10,0,3
BRDA:94,11,0,2
BRF:12
BRH:11
end_of_record
TN:
SF:src/js/components/pagination.tsx
FN:5,Pagination
FN:13,PaginationPrevious
FN:35,PaginationNext
FN:57,PaginationList
FN:61,PaginationPage
FN:84,PaginationGap
FNF:6
FNH:6
FNDA:1,Pagination
FNDA:1,PaginationPrevious
FNDA:1,PaginationNext
FNDA:1,PaginationList
FNDA:2,PaginationPage
FNDA:1,PaginationGap
DA:1,1
DA:5,1
DA:6,1
DA:7,1
DA:8,1
DA:9,1
DA:10,1
DA:11,1
DA:13,1
DA:14,1
DA:15,1
DA:16,1
DA:17,1
DA:18,1
DA:19,1
DA:20,1
DA:21,1
DA:22,1
DA:23,1
DA:24,1
DA:25,1
DA:26,1
DA:27,1
DA:28,1
DA:29,1
DA:30,1
DA:31,1
DA:33,1
DA:35,1
DA:36,1
DA:37,1
DA:38,1
DA:39,1
DA:40,1
DA:41,1
DA:42,1
DA:43,1
DA:44,1
DA:45,1
DA:46,1
DA:47,1
DA:48,1
DA:49,1
DA:50,1
DA:51,1
DA:52,1
DA:53,1
DA:55,1
DA:57,1
DA:58,1
DA:59,1
DA:61,1
DA:62,2
DA:63,2
DA:64,2
DA:65,2
DA:66,2
DA:67,2
DA:68,2
DA:69,2
DA:70,2
DA:71,2
DA:72,2
DA:73,2
DA:74,2
DA:75,2
DA:76,2
DA:77,2
DA:79,2
DA:80,2
DA:82,2
DA:84,1
DA:85,1
DA:86,1
DA:87,1
DA:88,1
DA:89,1
DA:90,1
DA:91,1
DA:92,1
DA:93,1
DA:95,1
DA:96,1
DA:98,1
LF:84
LH:84
BRDA:5,0,0,1
BRDA:13,1,0,1
BRDA:20,2,0,0
BRDA:35,3,0,1
BRDA:42,4,0,0
BRDA:57,5,0,1
BRDA:61,6,0,2
BRDA:72,7,0,1
BRDA:72,8,0,1
BRDA:76,9,0,1
BRDA:84,10,0,1
BRF:11
BRH:9
end_of_record
TN:
SF:src/js/components/radio.tsx
FN:4,RadioGroup
FN:23,RadioField
FN:120,Radio
FNF:3
FNH:3
FNDA:1,RadioGroup
FNDA:1,RadioField
FNDA:2,Radio
DA:1,1
DA:4,1
DA:5,1
DA:6,1
DA:7,1
DA:8,1
DA:9,1
DA:10,1
DA:11,1
DA:12,1
DA:13,1
DA:15,1
DA:17,1
DA:18,1
DA:19,1
DA:21,1
DA:23,1
DA:24,1
DA:25,1
DA:26,1
DA:27,1
DA:28,1
DA:29,1
DA:30,1
DA:31,1
DA:32,1
DA:34,1
DA:36,1
DA:38,1
DA:40,1
DA:42,1
DA:43,1
DA:44,1
DA:46,1
DA:48,1
DA:50,1
DA:52,1
DA:54,1
DA:56,1
DA:58,1
DA:60,1
DA:61,1
DA:63,1
DA:64,1
DA:66,1
DA:68,1
DA:70,1
DA:72,1
DA:73,1
DA:74,1
DA:75,1
DA:77,1
DA:78,1
DA:79,1
DA:80,1
DA:81,1
DA:82,1
DA:83,1
DA:84,1
DA:85,1
DA:86,1
DA:87,1
DA:88,1
DA:89,1
DA:90,1
DA:91,1
DA:92,1
DA:93,1
DA:94,1
DA:95,1
DA:96,1
DA:97,1
DA:98,1
DA:99,1
DA:100,1
DA:101,1
DA:102,1
DA:103,1
DA:104,1
DA:105,1
DA:106,1
DA:107,1
DA:108,1
DA:109,1
DA:110,1
DA:111,1
DA:112,1
DA:113,1
DA:114,1
DA:115,1
DA:116,1
DA:120,1
DA:121,2
DA:122,2
DA:123,2
DA:124,2
DA:125,2
DA:126,2
DA:127,2
DA:128,2
DA:129,2
DA:131,2
DA:132,2
DA:133,2
DA:134,2
DA:136,2
DA:137,2
DA:138,2
DA:139,2
DA:140,2
DA:142,2
LF:111
LH:111
BRDA:4,0,0,1
BRDA:23,1,0,1
BRDA:120,2,0,2
BRF:3
BRH:3
end_of_record
TN:
SF:src/js/components/saveButton.tsx
FN:15,SaveButton
FN:29,checkSaveStatus
FN:44,handleToggle
FNF:3
FNH:3
FNDA:4,SaveButton
FNDA:1,checkSaveStatus
FNDA:1,handleToggle
DA:1,1
DA:15,4
DA:16,4
DA:17,4
DA:18,4
DA:19,4
DA:20,4
DA:21,4
DA:22,4
DA:23,4
DA:24,4
DA:25,4
DA:26,4
DA:28,4
DA:29,1
DA:30,1
DA:31,1
DA:32,1
DA:33,1
DA:34,1
DA:35,0
DA:36,1
DA:37,1
DA:38,1
DA:39,1
DA:41,1
DA:42,4
DA:44,4
DA:46,1
DA:49,1
DA:51,1
DA:52,1
DA:53,1
DA:54,1
DA:55,1
DA:56,1
DA:57,1
DA:58,1
DA:59,0
DA:60,0
DA:61,1
DA:62,0
DA:63,0
DA:64,1
DA:65,1
DA:66,1
DA:67,1
DA:69,4
DA:70,1
DA:71,1
DA:73,1
DA:75,1
DA:77,3
DA:78,3
DA:79,3
DA:80,4
DA:81,4
DA:82,4
DA:83,4
DA:85,4
DA:86,1
DA:87,1
DA:88,1
DA:89,1
DA:90,1
DA:91,1
DA:93,2
DA:94,2
DA:95,2
DA:96,2
DA:97,2
DA:98,2
DA:100,4
DA:102,4
LF:74
LH:69
BRDA:15,0,0,4
BRDA:69,1,0,1
BRDA:75,2,0,3
BRDA:80,3,0,1
BRDA:80,4,0,2
BRDA:85,5,0,1
BRDA:90,6,0,0
BRDA:91,7,0,2
BRDA:97,8,0,1
BRDA:97,9,0,1
BRDA:28,10,0,1
BRDA:29,11,0,1
BRDA:34,12,0,0
BRDA:44,13,0,1
BRDA:49,14,0,0
BRDA:58,15,0,0
BRDA:61,16,0,0
BRF:17
BRH:12
end_of_record
TN:
SF:src/js/components/select.tsx
FN:5,Select2
FNF:1
FNH:1
FNDA:2,Select2
DA:1,1
DA:5,1
DA:6,2
DA:7,2
DA:8,2
DA:9,2
DA:10,2
DA:11,2
DA:12,2
DA:13,2
DA:15,2
DA:17,2
DA:19,2
DA:21,2
DA:23,2
DA:24,2
DA:26,2
DA:27,2
DA:28,2
DA:29,2
DA:30,2
DA:32,2
DA:34,2
DA:35,1
DA:36,1
DA:38,2
DA:40,2
DA:42,2
DA:44,2
DA:46,2
DA:48,2
DA:50,2
DA:51,2
DA:52,2
DA:53,2
DA:54,1
DA:55,1
DA:56,1
DA:57,1
DA:58,1
DA:59,1
DA:61,1
DA:62,1
DA:63,1
DA:64,1
DA:66,2
DA:68,2
LF:47
LH:47
BRDA:5,0,0,2
BRDA:34,1,0,1
BRDA:35,2,0,1
BRDA:53,3,0,1
BRF:4
BRH:4
end_of_record
TN:
SF:src/js/components/sidebar-layout.tsx
FN:1,(empty-report)
FNF:1
FNH:0
FNDA:0,(empty-report)
DA:1,0
DA:7,0
DA:8,0
DA:9,0
DA:10,0
DA:11,0
DA:13,0
DA:15,0
DA:16,0
DA:17,0
DA:18,0
DA:19,0
DA:21,0
DA:23,0
DA:24,0
DA:25,0
DA:26,0
DA:27,0
DA:28,0
DA:29,0
DA:30,0
DA:31,0
DA:32,0
DA:34,0
DA:35,0
DA:36,0
DA:37,0
DA:38,0
DA:39,0
DA:40,0
DA:41,0
DA:42,0
DA:43,0
DA:45,0
DA:47,0
DA:48,0
DA:49,0
DA:50,0
DA:51,0
DA:52,0
DA:54,0
DA:55,0
DA:57,0
DA:60,0
DA:61,0
DA:62,0
DA:65,0
DA:66,0
DA:67,0
DA:68,0
DA:69,0
DA:70,0
DA:71,0
DA:72,0
DA:75,0
DA:76,0
DA:77,0
DA:78,0
DA:79,0
DA:80,0
DA:82,0
LF:61
LH:0
BRDA:1,0,0,0
BRF:1
BRH:0
end_of_record
TN:
SF:src/js/components/sidebar.tsx
FN:10,Sidebar
FN:14,SidebarHeader
FN:26,SidebarBody
FN:38,SidebarFooter
FN:50,SidebarSection
FN:60,SidebarDivider
FN:64,SidebarSpacer
FN:68,SidebarHeading
FN:74,SidebarItem2
FN:140,SidebarLabel
FNF:10
FNH:10
FNDA:1,Sidebar
FNDA:1,SidebarHeader
FNDA:1,SidebarBody
FNDA:1,SidebarFooter
FNDA:3,SidebarSection
FNDA:1,SidebarDivider
FNDA:1,SidebarSpacer
FNDA:1,SidebarHeading
FNDA:3,SidebarItem2
FNDA:3,SidebarLabel
DA:1,1
DA:10,1
DA:11,1
DA:12,1
DA:14,1
DA:15,1
DA:16,1
DA:17,1
DA:18,1
DA:19,1
DA:20,1
DA:21,1
DA:22,1
DA:24,1
DA:26,1
DA:27,1
DA:28,1
DA:29,1
DA:30,1
DA:31,1
DA:32,1
DA:33,1
DA:34,1
DA:36,1
DA:38,1
DA:39,1
DA:40,1
DA:41,1
DA:42,1
DA:43,1
DA:44,1
DA:45,1
DA:46,1
DA:48,1
DA:50,1
DA:51,3
DA:53,3
DA:54,3
DA:55,3
DA:56,3
DA:58,3
DA:60,1
DA:61,1
DA:62,1
DA:64,1
DA:65,1
DA:66,1
DA:68,1
DA:69,1
DA:70,1
DA:72,1
DA:74,1
DA:75,3
DA:76,3
DA:77,3
DA:78,3
DA:79,3
DA:80,3
DA:84,3
DA:85,3
DA:86,3
DA:88,3
DA:90,3
DA:92,3
DA:94,3
DA:96,3
DA:98,3
DA:100,3
DA:102,3
DA:103,3
DA:104,3
DA:105,3
DA:106,3
DA:108,3
DA:109,3
DA:110,3
DA:111,1
DA:112,1
DA:113,1
DA:114,1
DA:116,3
DA:117,2
DA:118,2
DA:119,2
DA:120,2
DA:121,2
DA:122,2
DA:124,2
DA:125,2
DA:127,1
DA:128,1
DA:129,1
DA:130,1
DA:131,1
DA:133,1
DA:134,1
DA:136,3
DA:138,3
DA:140,1
DA:141,3
DA:142,3
LF:101
LH:101
BRDA:10,0,0,1
BRDA:14,1,0,1
BRDA:26,2,0,1
BRDA:38,3,0,1
BRDA:50,4,0,3
BRDA:60,5,0,1
BRDA:64,6,0,1
BRDA:68,7,0,1
BRDA:74,8,0,3
BRDA:110,9,0,1
BRDA:116,10,0,2
BRDA:121,11,0,0
BRDA:125,12,0,1
BRDA:130,13,0,0
BRDA:140,14,0,3
BRF:15
BRH:13
end_of_record
TN:
SF:src/js/components/stacked-layout.tsx
FN:7,OpenMenuIcon
FN:15,CloseMenuIcon
FN:23,MobileSidebar
FN:47,StackedLayout
FN:57,close
FN:64,onClick
FNF:6
FNH:5
FNDA:2,OpenMenuIcon
FNDA:1,CloseMenuIcon
FNDA:2,MobileSidebar
FNDA:2,StackedLayout
FNDA:0,close
FNDA:1,onClick
DA:1,1
DA:7,2
DA:8,2
DA:9,2
DA:10,2
DA:11,2
DA:13,2
DA:15,1
DA:16,1
DA:17,1
DA:18,1
DA:19,1
DA:21,1
DA:23,2
DA:24,2
DA:25,2
DA:26,2
DA:27,2
DA:28,2
DA:29,2
DA:30,2
DA:31,2
DA:32,2
DA:34,2
DA:35,2
DA:36,2
DA:37,2
DA:38,2
DA:39,2
DA:40,2
DA:41,2
DA:42,2
DA:43,2
DA:45,2
DA:47,1
DA:48,2
DA:49,2
DA:50,2
DA:51,2
DA:52,2
DA:54,2
DA:55,2
DA:57,2
DA:58,2
DA:59,2
DA:62,2
DA:63,2
DA:64,2
DA:65,2
DA:66,2
DA:67,2
DA:68,2
DA:69,2
DA:72,2
DA:73,2
DA:74,2
DA:75,2
DA:76,2
DA:77,2
DA:79,2
LF:60
LH:60
BRDA:7,0,0,2
BRDA:15,1,0,1
BRDA:23,2,0,2
BRDA:47,3,0,2
BRDA:64,4,0,1
BRF:5
BRH:5
end_of_record
TN:
SF:src/js/components/switch.tsx
FN:5,SwitchGroup
FN:21,SwitchField
FN:139,Switch
FNF:3
FNH:1
FNDA:0,SwitchGroup
FNDA:0,SwitchField
FNDA:1,Switch
DA:1,1
DA:5,1
DA:6,0
DA:7,0
DA:8,0
DA:9,0
DA:10,0
DA:11,0
DA:13,0
DA:15,0
DA:16,0
DA:17,0
DA:19,0
DA:21,1
DA:22,0
DA:23,0
DA:24,0
DA:25,0
DA:26,0
DA:27,0
DA:28,0
DA:29,0
DA:30,0
DA:32,0
DA:34,0
DA:36,0
DA:38,0
DA:40,0
DA:41,0
DA:42,0
DA:44,0
DA:46,1
DA:47,1
DA:48,1
DA:49,1
DA:50,1
DA:51,1
DA:52,1
DA:53,1
DA:54,1
DA:55,1
DA:56,1
DA:57,1
DA:58,1
DA:59,1
DA:60,1
DA:61,1
DA:62,1
DA:63,1
DA:64,1
DA:65,1
DA:66,1
DA:67,1
DA:68,1
DA:69,1
DA:70,1
DA:71,1
DA:72,1
DA:73,1
DA:74,1
DA:75,1
DA:76,1
DA:77,1
DA:78,1
DA:79,1
DA:80,1
DA:81,1
DA:82,1
DA:83,1
DA:84,1
DA:85,1
DA:86,1
DA:87,1
DA:88,1
DA:89,1
DA:90,1
DA:91,1
DA:92,1
DA:93,1
DA:94,1
DA:95,1
DA:96,1
DA:97,1
DA:98,1
DA:99,1
DA:100,1
DA:101,1
DA:102,1
DA:103,1
DA:104,1
DA:105,1
DA:106,1
DA:107,1
DA:108,1
DA:109,1
DA:110,1
DA:111,1
DA:112,1
DA:113,1
DA:114,1
DA:115,1
DA:116,1
DA:117,1
DA:118,1
DA:119,1
DA:120,1
DA:121,1
DA:122,1
DA:123,1
DA:124,1
DA:125,1
DA:126,1
DA:127,1
DA:128,1
DA:129,1
DA:130,1
DA:131,1
DA:132,1
DA:133,1
DA:134,1
DA:135,1
DA:139,1
DA:140,1
DA:141,1
DA:142,1
DA:143,1
DA:146,1
DA:147,1
DA:148,1
DA:149,1
DA:150,1
DA:151,1
DA:152,1
DA:154,1
DA:156,1
DA:158,1
DA:160,1
DA:162,1
DA:164,1
DA:166,1
DA:167,1
DA:169,1
DA:170,1
DA:172,1
DA:173,1
DA:175,1
DA:176,1
DA:177,1
DA:179,1
DA:181,1
DA:183,1
DA:185,1
DA:187,1
DA:188,1
DA:190,1
DA:191,1
DA:192,1
DA:193,1
DA:195,1
LF:159
LH:131
BRDA:139,0,0,1
BRF:1
BRH:1
end_of_record
TN:
SF:src/js/components/table.tsx
FN:15,Table
FN:37,TableHead
FN:41,TableBody
FN:51,TableRow
FN:77,TableHeader
FN:93,TableCell
FNF:6
FNH:6
FNDA:2,Table
FNDA:2,TableHead
FNDA:2,TableBody
FNDA:2,TableRow
FNDA:2,TableHeader
FNDA:4,TableCell
DA:1,1
DA:8,1
DA:9,1
DA:10,1
DA:11,1
DA:12,1
DA:13,1
DA:15,1
DA:16,2
DA:17,2
DA:18,2
DA:19,2
DA:20,2
DA:21,2
DA:22,2
DA:23,2
DA:24,2
DA:25,2
DA:26,2
DA:27,2
DA:28,2
DA:29,2
DA:30,2
DA:31,2
DA:32,2
DA:33,2
DA:35,2
DA:37,1
DA:38,2
DA:39,2
DA:41,1
DA:42,2
DA:43,2
DA:45,1
DA:46,1
DA:47,1
DA:48,1
DA:49,1
DA:51,1
DA:52,2
DA:53,2
DA:54,2
DA:55,2
DA:56,2
DA:57,2
DA:58,2
DA:60,2
DA:61,2
DA:62,2
DA:63,2
DA:64,2
DA:65,2
DA:66,2
DA:67,1
DA:68,2
DA:69,2
DA:70,2
DA:71,2
DA:72,2
DA:73,2
DA:75,2
DA:77,1
DA:78,2
DA:80,2
DA:81,2
DA:82,2
DA:83,2
DA:84,2
DA:85,2
DA:86,2
DA:87,2
DA:88,2
DA:89,2
DA:91,2
DA:93,1
DA:94,4
DA:95,4
DA:96,4
DA:98,4
DA:99,4
DA:100,4
DA:101,4
DA:102,4
DA:103,4
DA:104,4
DA:105,4
DA:106,4
DA:107,4
DA:108,4
DA:109,4
DA:111,4
DA:112,2
DA:113,2
DA:114,2
DA:115,2
DA:116,2
DA:117,2
DA:118,2
DA:119,2
DA:121,4
DA:122,4
DA:124,4
LF:102
LH:102
BRDA:15,0,0,2
BRDA:28,1,0,1
BRDA:37,2,0,2
BRDA:41,3,0,2
BRDA:51,4,0,2
BRDA:66,5,0,1
BRDA:68,6,0,1
BRDA:69,7,0,1
BRDA:69,8,0,0
BRDA:70,9,0,1
BRDA:70,10,0,1
BRDA:77,11,0,2
BRDA:86,12,0,1
BRDA:87,13,0,1
BRDA:93,14,0,4
BRDA:100,15,0,2
BRDA:100,16,0,2
BRDA:105,17,0,2
BRDA:106,18,0,2
BRDA:107,19,0,2
BRDA:107,20,0,2
BRDA:108,21,0,2
BRDA:111,22,0,2
BRDA:117,23,0,1
BRDA:117,24,0,1
BRDA:117,25,0,1
BRF:26
BRH:25
end_of_record
TN:
SF:src/js/components/text.tsx
FN:4,Text
FN:14,TextLink
FN:26,Strong
FN:30,Code
FNF:4
FNH:4
FNDA:11,Text
FNDA:4,TextLink
FNDA:4,Strong
FNDA:1,Code
DA:1,1
DA:4,1
DA:5,11
DA:6,11
DA:7,11
DA:8,11
DA:9,11
DA:10,11
DA:12,11
DA:14,1
DA:15,4
DA:16,4
DA:17,4
DA:18,4
DA:19,4
DA:20,4
DA:21,4
DA:22,4
DA:24,4
DA:26,1
DA:27,4
DA:28,4
DA:30,1
DA:31,1
DA:32,1
DA:33,1
DA:34,1
DA:35,1
DA:36,1
DA:37,1
DA:38,1
DA:40,1
LF:32
LH:32
BRDA:4,0,0,11
BRDA:14,1,0,4
BRDA:26,2,0,4
BRDA:30,3,0,1
BRF:4
BRH:4
end_of_record
TN:
SF:src/js/components/textarea.tsx
FN:5,Textarea2
FNF:1
FNH:1
FNDA:2,Textarea2
DA:1,1
DA:5,1
DA:6,2
DA:7,2
DA:8,2
DA:9,2
DA:10,2
DA:11,2
DA:12,2
DA:13,2
DA:14,2
DA:15,2
DA:16,2
DA:17,2
DA:19,2
DA:21,2
DA:23,2
DA:25,2
DA:27,2
DA:28,2
DA:30,2
DA:31,2
DA:32,2
DA:33,2
DA:35,2
DA:37,2
DA:39,2
DA:41,2
DA:43,2
DA:45,2
DA:47,2
DA:49,2
DA:50,2
DA:51,2
DA:52,2
DA:54,2
LF:36
LH:36
BRDA:5,0,0,2
BRDA:49,1,0,1
BRDA:49,2,0,1
BRF:3
BRH:3
end_of_record
TN:
SF:src/js/components/toast.tsx
FN:30,ToastProvider
FN:70,useToast
FN:74,noop
FN:86,ToastViewport
FN:96,Toast
FNF:5
FNH:2
FNDA:0,ToastProvider
FNDA:5,useToast
FNDA:2,noop
FNDA:0,ToastViewport
FNDA:0,Toast
DA:1,1
DA:28,1
DA:30,1
DA:31,0
DA:32,0
DA:34,0
DA:35,0
DA:36,0
DA:38,0
DA:39,0
DA:40,0
DA:41,0
DA:42,0
DA:43,0
DA:44,0
DA:45,0
DA:46,0
DA:47,0
DA:48,0
DA:51,0
DA:52,0
DA:54,0
DA:55,0
DA:56,0
DA:57,0
DA:58,0
DA:59,0
DA:60,0
DA:62,0
DA:63,0
DA:64,0
DA:65,0
DA:66,0
DA:68,0
DA:70,1
DA:71,5
DA:72,5
DA:74,5
DA:75,5
DA:76,5
DA:77,5
DA:78,5
DA:79,5
DA:80,5
DA:81,5
DA:82,5
DA:83,0
DA:84,0
DA:86,0
DA:87,0
DA:88,0
DA:89,0
DA:90,0
DA:91,0
DA:92,0
DA:94,0
DA:96,0
DA:97,0
DA:98,0
DA:99,0
DA:100,0
DA:101,0
DA:102,0
DA:104,0
DA:105,0
DA:106,0
DA:107,0
DA:108,0
DA:110,0
DA:111,0
DA:112,0
DA:113,0
DA:115,0
DA:116,0
DA:117,0
DA:118,0
DA:120,0
DA:121,0
DA:122,0
DA:123,0
DA:125,0
DA:127,0
DA:128,0
DA:129,0
DA:130,0
DA:131,0
DA:133,0
DA:134,0
DA:135,0
DA:136,0
DA:137,0
DA:138,0
DA:139,0
DA:140,0
DA:141,0
DA:142,0
DA:144,0
DA:145,0
DA:146,0
DA:147,0
DA:148,0
DA:150,0
LF:102
LH:15
BRDA:70,0,0,5
BRDA:82,1,0,0
BRDA:74,2,0,2
BRF:3
BRH:2
end_of_record
TN:
SF:src/js/components/__tests__/authContext.test.tsx
FN:11,Probe
FNF:1
FNH:1
FNDA:4,Probe
DA:1,1
DA:11,4
DA:12,4
DA:13,4
DA:14,4
DA:15,4
DA:16,4
DA:17,4
DA:19,4
DA:21,1
DA:22,1
DA:23,1
DA:24,1
DA:25,1
DA:26,1
DA:28,1
DA:29,1
DA:30,1
DA:31,1
DA:32,1
DA:35,1
DA:36,2
DA:37,2
DA:38,1
DA:39,1
DA:41,1
DA:42,1
DA:44,1
DA:45,1
DA:46,1
DA:47,1
DA:48,1
DA:50,1
DA:51,2
DA:52,2
DA:53,1
DA:54,1
DA:55,1
LF:38
LH:38
BRDA:11,0,0,4
BRDA:16,1,0,1
BRDA:16,2,0,3
BRDA:21,3,0,1
BRDA:22,4,0,1
BRDA:35,5,0,2
BRDA:41,6,0,1
BRDA:50,7,0,2
BRF:8
BRH:8
end_of_record
TN:
SF:src/js/components/__tests__/avatar_badge.test.tsx
FNF:0
FNH:0
DA:1,1
DA:2,1
DA:3,1
DA:4,1
DA:6,1
DA:7,1
DA:8,1
DA:10,1
DA:12,1
DA:13,1
DA:14,1
DA:15,1
DA:16,1
DA:18,1
DA:19,1
DA:20,1
DA:22,1
DA:23,1
DA:24,1
DA:25,1
DA:27,1
DA:28,1
DA:29,1
DA:31,1
DA:32,1
DA:34,1
DA:35,1
DA:37,1
DA:38,1
DA:39,1
DA:40,1
DA:41,1
DA:42,1
LF:33
LH:33
BRDA:6,0,0,1
BRDA:7,1,0,1
BRDA:18,2,0,1
BRDA:27,3,0,1
BRF:4
BRH:4
end_of_record
TN:
SF:src/js/components/__tests__/button.test.tsx
FNF:0
FNH:0
DA:1,1
DA:2,1
DA:3,1
DA:5,1
DA:6,1
DA:7,1
DA:8,1
DA:9,1
DA:10,1
DA:11,1
DA:12,1
DA:13,1
DA:14,1
LF:13
LH:13
BRDA:5,0,0,1
BRDA:6,1,0,1
BRF:2
BRH:2
end_of_record
TN:
SF:src/js/components/__tests__/button.variants.test.tsx
FNF:0
FNH:0
DA:1,1
DA:2,1
DA:3,1
DA:5,1
DA:6,1
DA:7,1
DA:8,1
DA:9,1
DA:10,1
DA:11,1
DA:13,1
DA:14,1
DA:15,1
DA:17,1
DA:18,1
DA:19,1
DA:21,1
DA:22,1
DA:23,1
DA:24,1
DA:25,1
DA:26,1
LF:22
LH:22
BRDA:5,0,0,1
BRDA:6,1,0,1
BRDA:13,2,0,1
BRDA:21,3,0,1
BRF:4
BRH:4
end_of_record
TN:
SF:src/js/components/__tests__/card_table_pagination.test.tsx
FNF:0
FNH:0
DA:1,1
DA:2,1
DA:3,1
DA:4,1
DA:5,1
DA:7,1
DA:8,1
DA:9,1
DA:10,1
DA:11,1
DA:13,1
DA:14,1
DA:15,1
DA:16,1
DA:17,1
DA:18,1
DA:19,1
DA:20,1
DA:21,1
DA:22,1
DA:23,1
DA:24,1
DA:25,1
DA:26,1
DA:27,1
DA:28,1
DA:29,1
DA:31,1
DA:32,1
DA:33,1
DA:35,1
DA:36,1
DA:37,1
DA:38,1
DA:39,1
DA:40,1
DA:42,1
DA:43,1
DA:44,1
DA:45,1
DA:46,1
DA:47,1
DA:48,1
DA:51,1
DA:52,1
DA:55,1
DA:56,1
DA:59,1
DA:60,1
DA:61,1
DA:62,1
DA:63,1
LF:52
LH:52
BRDA:7,0,0,1
BRDA:8,1,0,1
BRDA:13,2,0,1
BRDA:35,3,0,1
BRF:4
BRH:4
end_of_record
TN:
SF:src/js/components/__tests__/description-list.test.tsx
FNF:0
FNH:0
DA:1,1
DA:5,1
DA:6,1
DA:7,1
DA:9,1
DA:10,1
DA:11,1
DA:12,1
DA:13,1
DA:14,1
DA:15,1
DA:16,1
DA:17,1
DA:18,1
DA:20,1
DA:21,1
DA:22,1
DA:23,1
DA:24,1
DA:26,1
DA:27,1
DA:28,1
DA:29,1
DA:30,1
DA:31,1
DA:32,1
DA:34,1
DA:35,1
DA:36,1
DA:38,1
DA:39,1
DA:40,1
DA:41,1
DA:42,1
DA:43,1
DA:44,1
DA:45,1
DA:46,1
DA:48,1
DA:49,1
DA:50,1
DA:51,1
DA:52,1
DA:53,1
DA:55,1
DA:56,1
DA:57,1
DA:59,1
DA:60,1
DA:61,1
DA:63,1
DA:64,1
DA:65,1
DA:67,1
DA:68,1
DA:70,1
DA:71,1
DA:72,1
DA:73,1
DA:74,1
DA:76,1
DA:77,1
DA:78,1
DA:80,1
DA:81,1
DA:82,1
DA:84,1
DA:85,1
DA:86,1
DA:88,1
DA:89,1
DA:91,1
DA:92,1
DA:93,1
DA:94,1
DA:96,1
DA:97,1
DA:98,1
DA:99,1
DA:100,1
DA:101,1
DA:103,1
DA:104,1
DA:105,1
DA:106,1
LF:85
LH:85
BRDA:9,0,0,1
BRDA:10,1,0,1
BRDA:26,2,0,1
BRDA:38,3,0,1
BRDA:55,4,0,1
BRDA:56,5,0,1
BRDA:63,6,0,1
BRDA:76,7,0,1
BRDA:77,8,0,1
BRDA:84,9,0,1
BRDA:96,10,0,1
BRF:11
BRH:11
end_of_record
TN:
SF:src/js/components/__tests__/dialog.test.tsx
FN:12,onClose
FN:36,onClose
FN:67,onClose
FN:100,onClose
FN:113,onClose
FNF:5
FNH:0
FNDA:0,onClose
FNDA:0,onClose
FNDA:0,onClose
FNDA:0,onClose
FNDA:0,onClose
DA:1,1
DA:5,1
DA:6,1
DA:7,1
DA:9,1
DA:10,1
DA:11,1
DA:12,1
DA:13,1
DA:14,1
DA:16,1
DA:17,1
DA:18,1
DA:19,1
DA:20,1
DA:21,1
DA:22,1
DA:23,1
DA:24,1
DA:25,1
DA:27,1
DA:28,1
DA:29,1
DA:30,1
DA:31,1
DA:32,1
DA:34,1
DA:35,1
DA:36,1
DA:37,1
DA:38,1
DA:39,1
DA:40,1
DA:41,1
DA:42,1
DA:44,1
DA:45,1
DA:46,1
DA:49,1
DA:50,1
DA:51,1
DA:52,1
DA:53,1
DA:54,1
DA:55,1
DA:56,1
DA:57,1
DA:58,1
DA:60,1
DA:61,1
DA:62,1
DA:65,1
DA:66,1
DA:67,1
DA:68,1
DA:69,1
DA:71,1
DA:72,1
DA:73,1
DA:74,1
DA:75,1
DA:76,1
DA:77,1
DA:78,1
DA:79,1
DA:80,1
DA:81,1
DA:82,1
DA:83,1
DA:84,1
DA:85,1
DA:86,1
DA:87,1
DA:89,1
DA:90,1
DA:91,1
DA:92,1
DA:93,1
DA:94,1
DA:95,1
DA:97,1
DA:98,1
DA:99,1
DA:100,1
DA:101,1
DA:102,1
DA:103,1
DA:105,1
DA:106,1
DA:107,1
DA:108,1
DA:110,1
DA:111,1
DA:112,1
DA:113,1
DA:114,1
DA:115,1
DA:116,1
DA:118,1
DA:119,1
DA:120,1
DA:122,1
DA:123,1
DA:124,1
DA:125,1
DA:126,1
DA:127,1
DA:128,1
DA:129,1
DA:131,1
DA:132,1
DA:133,1
DA:134,1
DA:136,1
DA:137,1
DA:138,1
DA:139,1
DA:140,1
DA:141,1
DA:142,1
DA:143,1
DA:145,1
DA:146,1
DA:147,1
DA:149,1
DA:150,1
DA:151,1
DA:152,1
DA:153,1
DA:154,1
DA:156,1
DA:157,1
DA:158,1
LF:133
LH:133
BRDA:9,0,0,1
BRDA:10,1,0,1
BRDA:34,2,0,1
BRDA:49,3,0,1
BRDA:65,4,0,1
BRDA:97,5,0,1
BRDA:98,6,0,1
BRDA:110,7,0,1
BRDA:111,8,0,1
BRDA:122,9,0,1
BRDA:123,10,0,1
BRDA:136,11,0,1
BRDA:137,12,0,1
BRDA:149,13,0,1
BRF:14
BRH:14
end_of_record
TN:
SF:src/js/components/__tests__/formControls.test.tsx
FNF:0
FNH:0
DA:1,1
DA:2,1
DA:3,1
DA:4,1
DA:5,1
DA:6,1
DA:7,1
DA:9,1
DA:10,1
DA:11,1
DA:12,1
DA:13,1
DA:14,1
DA:15,1
DA:16,1
DA:17,1
DA:19,1
DA:20,1
DA:21,1
DA:22,1
DA:24,1
DA:25,1
DA:26,1
DA:28,1
DA:29,1
DA:30,1
DA:31,1
DA:32,1
DA:33,1
DA:35,1
DA:36,1
DA:37,1
DA:38,1
DA:39,1
DA:40,1
DA:41,1
DA:42,1
DA:43,1
DA:44,1
DA:45,1
DA:46,1
DA:47,1
DA:48,1
DA:49,1
DA:50,1
DA:51,1
DA:52,1
DA:53,1
DA:55,1
DA:56,1
DA:57,1
DA:58,1
DA:59,1
DA:60,1
DA:61,1
DA:62,1
DA:64,1
DA:65,1
DA:66,1
DA:67,1
LF:60
LH:60
BRDA:9,0,0,1
BRDA:10,1,0,1
BRDA:19,2,0,1
BRDA:28,3,0,1
BRDA:35,4,0,1
BRDA:55,5,0,1
BRDA:64,6,0,0
BRF:7
BRH:6
end_of_record
TN:
SF:src/js/components/__tests__/layout_nav_switch_radio.test.tsx
FNF:0
FNH:0
DA:1,1
DA:2,1
DA:3,1
DA:4,1
DA:5,1
DA:17,1
DA:18,1
DA:19,1
DA:20,1
DA:22,1
DA:23,1
DA:24,1
DA:25,1
DA:26,1
DA:27,1
DA:28,1
DA:29,1
DA:30,1
DA:32,1
DA:33,1
DA:34,1
DA:35,1
DA:36,1
DA:37,1
DA:38,1
DA:39,1
DA:40,1
DA:41,1
DA:42,1
DA:43,1
DA:44,1
DA:45,1
DA:46,1
DA:47,1
DA:48,1
DA:49,1
DA:51,1
DA:52,1
DA:53,1
DA:54,1
DA:55,1
DA:56,1
DA:57,1
DA:58,1
DA:59,1
DA:60,1
DA:61,1
DA:62,1
DA:63,1
DA:64,1
DA:65,1
DA:66,1
DA:67,1
DA:68,1
DA:69,1
DA:71,1
DA:72,1
DA:73,1
DA:74,1
DA:75,1
DA:76,1
DA:77,1
DA:78,1
DA:79,1
DA:80,1
DA:81,1
DA:82,1
DA:83,1
DA:84,1
DA:85,1
DA:86,1
DA:87,1
DA:88,1
DA:89,1
DA:90,1
DA:91,1
DA:92,1
DA:93,1
DA:94,1
DA:95,1
DA:96,1
DA:97,1
DA:98,1
DA:99,1
DA:100,1
DA:101,1
DA:102,1
DA:103,1
DA:104,1
DA:106,1
DA:107,1
DA:108,1
DA:109,1
DA:110,1
DA:111,1
DA:112,1
DA:113,1
DA:114,1
DA:115,1
DA:116,1
DA:117,1
DA:119,1
DA:120,1
DA:121,1
DA:122,1
DA:123,1
DA:124,1
DA:126,1
DA:127,1
DA:128,1
DA:129,1
DA:130,1
DA:131,1
DA:132,1
DA:133,1
DA:134,1
DA:135,1
DA:136,1
DA:137,1
DA:138,1
LF:120
LH:120
BRDA:22,0,0,1
BRDA:23,1,0,1
BRDA:32,2,0,1
BRDA:51,3,0,1
BRDA:52,4,0,1
BRDA:71,5,0,1
BRDA:106,6,0,1
BRDA:107,7,0,1
BRDA:119,8,0,1
BRDA:120,9,0,1
BRDA:126,10,0,1
BRF:11
BRH:11
end_of_record
TN:
SF:src/js/components/__tests__/link.test.tsx
FNF:0
FNH:0
DA:1,1
DA:2,1
DA:3,1
DA:5,1
DA:6,1
DA:7,1
DA:8,1
DA:9,1
DA:10,1
DA:11,1
DA:12,1
LF:11
LH:11
BRDA:5,0,0,1
BRDA:6,1,0,1
BRF:2
BRH:2
end_of_record
TN:
SF:src/js/components/__tests__/protectedRouter.test.tsx
FNF:0
FNH:0
DA:1,1
DA:13,1
DA:14,1
DA:15,1
DA:17,1
DA:18,1
DA:19,1
DA:20,1
DA:21,1
DA:22,1
DA:23,1
DA:24,1
DA:25,1
DA:26,1
DA:28,1
DA:29,3
DA:30,1
DA:31,1
DA:33,1
DA:34,1
DA:35,1
DA:36,1
DA:37,1
DA:39,1
DA:40,1
DA:41,1
DA:42,1
DA:43,1
DA:44,1
DA:45,1
DA:46,1
DA:47,1
DA:48,1
DA:50,1
DA:51,2
DA:52,1
DA:53,1
DA:54,1
LF:38
LH:38
BRDA:13,0,0,1
BRDA:14,1,0,1
BRDA:28,2,0,3
BRDA:33,3,0,1
BRDA:50,4,0,2
BRF:5
BRH:5
end_of_record
TN:
SF:src/js/components/__tests__/saveButton.test.tsx
FNF:0
FNH:0
DA:1,1
DA:12,1
DA:13,1
DA:14,1
DA:15,1
DA:17,1
DA:18,1
DA:21,1
DA:24,1
DA:25,1
DA:26,1
DA:28,1
DA:30,1
DA:31,2
DA:32,2
DA:33,2
DA:34,1
DA:35,1
DA:36,1
LF:19
LH:19
BRDA:12,0,0,1
BRDA:13,1,0,1
BRDA:24,2,0,1
BRDA:30,3,0,2
BRF:4
BRH:4
end_of_record
TN:
SF:src/js/components/__tests__/table_edge_cases.test.tsx
FNF:0
FNH:0
DA:1,1
DA:2,1
DA:3,1
DA:5,1
DA:6,1
DA:7,1
DA:8,1
DA:9,1
DA:10,1
DA:11,1
DA:12,1
DA:13,1
DA:14,1
DA:15,1
DA:16,1
DA:17,1
DA:18,1
DA:19,1
DA:20,1
DA:21,1
DA:22,1
DA:23,1
DA:25,1
DA:26,1
DA:27,1
LF:25
LH:25
BRDA:5,0,0,1
BRDA:6,1,0,1
BRF:2
BRH:2
end_of_record
TN:
SF:src/js/components/__tests__/uiBasics.test.tsx
FNF:0
FNH:0
DA:1,1
DA:2,1
DA:3,1
DA:4,1
DA:5,1
DA:7,1
DA:8,1
DA:9,1
DA:10,1
DA:11,1
DA:12,1
DA:13,1
DA:14,1
DA:16,1
DA:17,1
DA:18,1
DA:19,1
DA:20,1
DA:21,1
DA:22,1
DA:23,1
DA:24,1
DA:25,1
DA:27,1
DA:28,1
DA:29,1
DA:30,1
DA:31,1
DA:32,1
DA:33,1
DA:34,1
DA:35,1
DA:36,1
DA:37,1
DA:38,1
DA:39,1
LF:36
LH:36
BRDA:7,0,0,1
BRDA:8,1,0,1
BRDA:16,2,0,1
BRDA:27,3,0,1
BRF:4
BRH:4
end_of_record
TN:
SF:src/js/services/api.ts
FN:12,getCookie
FN:18,ensureCsrfToken
FN:50,getAuthStatus
FN:94,searchRecipes
FN:118,getRecipeById
FN:131,getSavedRecipes
FN:143,saveRecipe
FN:154,removeSavedRecipe
FN:172,getSavedRecipeIds
FN:211,isRecipeSaved
FN:222,toggleSaveRecipe
FNF:11
FNH:9
FNDA:0,getCookie
FNDA:0,ensureCsrfToken
FNDA:3,getAuthStatus
FNDA:4,searchRecipes
FNDA:3,getRecipeById
FNDA:3,getSavedRecipes
FNDA:3,saveRecipe
FNDA:3,removeSavedRecipe
FNDA:10,getSavedRecipeIds
FNDA:3,isRecipeSaved
FNDA:2,toggleSaveRecipe
DA:1,1
DA:4,1
DA:5,1
DA:6,1
DA:7,1
DA:9,1
DA:12,1
DA:13,0
DA:14,0
DA:15,0
DA:17,1
DA:18,1
DA:19,0
DA:20,0
DA:21,0
DA:22,0
DA:23,0
DA:24,0
DA:25,0
DA:26,0
DA:27,0
DA:28,0
DA:29,0
DA:30,0
DA:31,0
DA:32,0
DA:33,0
DA:34,0
DA:35,0
DA:38,1
DA:39,1
DA:40,0
DA:41,0
DA:42,0
DA:43,0
DA:44,0
DA:45,0
DA:46,0
DA:47,0
DA:50,1
DA:51,3
DA:52,3
DA:53,1
DA:54,3
DA:55,2
DA:56,2
DA:57,2
DA:58,2
DA:59,3
DA:94,1
DA:95,4
DA:96,4
DA:98,4
DA:99,4
DA:100,4
DA:101,4
DA:102,4
DA:103,4
DA:105,4
DA:106,4
DA:108,4
DA:109,2
DA:110,2
DA:111,2
DA:112,2
DA:113,2
DA:114,2
DA:115,4
DA:118,1
DA:119,3
DA:120,3
DA:121,1
DA:122,3
DA:123,2
DA:124,2
DA:125,2
DA:126,2
DA:127,3
DA:131,1
DA:132,3
DA:133,3
DA:134,1
DA:135,3
DA:136,2
DA:137,2
DA:138,2
DA:139,2
DA:140,3
DA:143,1
DA:144,3
DA:145,3
DA:146,3
DA:147,2
DA:148,2
DA:149,2
DA:150,2
DA:151,3
DA:154,1
DA:155,3
DA:156,3
DA:157,3
DA:158,2
DA:159,2
DA:160,2
DA:161,2
DA:162,3
DA:166,1
DA:167,1
DA:168,1
DA:169,1
DA:172,1
DA:173,10
DA:175,10
DA:176,1
DA:177,1
DA:180,10
DA:181,1
DA:182,1
DA:185,8
DA:186,8
DA:187,8
DA:189,7
DA:191,7
DA:192,7
DA:194,7
DA:195,7
DA:196,8
DA:197,1
DA:198,1
DA:200,1
DA:201,8
DA:203,8
DA:204,8
DA:205,8
DA:207,8
DA:208,8
DA:211,1
DA:213,3
DA:214,3
DA:215,3
DA:216,3
DA:217,3
DA:218,3
DA:219,3
DA:222,1
DA:223,2
DA:224,2
DA:225,2
DA:227,2
DA:228,1
DA:229,1
DA:230,1
DA:231,1
DA:232,1
DA:233,1
DA:234,1
DA:235,1
DA:236,1
DA:237,1
DA:238,2
LF:160
LH:132
BRDA:38,0,0,0
BRDA:39,1,0,0
BRDA:39,2,0,0
BRDA:50,3,0,3
BRDA:52,4,0,1
BRDA:54,5,0,2
BRDA:57,6,0,1
BRDA:57,7,0,1
BRDA:94,8,0,4
BRDA:98,9,0,1
BRDA:99,10,0,1
BRDA:100,11,0,1
BRDA:101,12,0,1
BRDA:101,13,0,1
BRDA:102,14,0,1
BRDA:103,15,0,1
BRDA:108,16,0,2
BRDA:113,17,0,1
BRDA:113,18,0,1
BRDA:118,19,0,3
BRDA:120,20,0,1
BRDA:122,21,0,2
BRDA:125,22,0,1
BRDA:125,23,0,1
BRDA:131,24,0,3
BRDA:133,25,0,1
BRDA:135,26,0,2
BRDA:138,27,0,1
BRDA:138,28,0,1
BRDA:143,29,0,3
BRDA:145,30,0,1
BRDA:146,31,0,2
BRDA:149,32,0,1
BRDA:149,33,0,1
BRDA:154,34,0,3
BRDA:156,35,0,1
BRDA:157,36,0,2
BRDA:160,37,0,1
BRDA:160,38,0,1
BRDA:172,39,0,10
BRDA:175,40,0,2
BRDA:175,41,0,1
BRDA:175,42,0,1
BRDA:177,43,0,9
BRDA:180,44,0,1
BRDA:182,45,0,8
BRDA:185,46,0,8
BRDA:187,47,0,7
BRDA:196,48,0,1
BRDA:201,49,0,0
BRDA:189,50,0,8
BRDA:211,51,0,3
BRDA:222,52,0,2
BRDA:227,53,0,1
BRF:54
BRH:50
end_of_record
TN:
SF:src/js/services/ingredients.ts
FN:1,(empty-report)
FNF:1
FNH:0
FNDA:0,(empty-report)
DA:1,0
DA:19,0
DA:21,0
DA:25,0
DA:27,0
DA:28,0
DA:31,0
DA:32,0
DA:33,0
DA:34,0
DA:35,0
DA:36,0
DA:37,0
DA:40,0
DA:41,0
DA:42,0
DA:44,0
DA:45,0
DA:46,0
DA:47,0
DA:48,0
DA:49,0
DA:50,0
DA:51,0
DA:54,0
DA:55,0
DA:56,0
DA:57,0
DA:58,0
DA:59,0
DA:60,0
DA:63,0
DA:64,0
DA:65,0
DA:66,0
DA:67,0
DA:68,0
DA:71,0
DA:72,0
DA:75,0
DA:76,0
DA:77,0
DA:78,0
DA:79,0
DA:80,0
DA:82,0
DA:83,0
DA:84,0
DA:85,0
DA:86,0
DA:87,0
DA:88,0
DA:89,0
DA:91,0
DA:92,0
DA:95,0
DA:98,0
DA:99,0
DA:100,0
DA:101,0
DA:102,0
DA:104,0
DA:106,0
DA:107,0
DA:110,0
DA:111,0
DA:112,0
DA:113,0
DA:114,0
DA:115,0
DA:116,0
DA:117,0
DA:118,0
DA:121,0
DA:122,0
DA:123,0
DA:124,0
DA:125,0
DA:126,0
DA:127,0
DA:128,0
LF:81
LH:0
BRDA:1,0,0,0
BRF:1
BRH:0
end_of_record
TN:
SF:src/js/services/recentlyViewed.ts
FN:10,addToRecentlyViewed
FN:29,getRecentlyViewed
FN:46,clearRecentlyViewed
FN:54,removeFromRecentlyViewed
FN:64,getRecentlyViewedByTimeframe
FNF:5
FNH:5
FNDA:3,addToRecentlyViewed
FNDA:10,getRecentlyViewed
FNDA:1,clearRecentlyViewed
FNDA:1,removeFromRecentlyViewed
FNDA:1,getRecentlyViewedByTimeframe
DA:3,1
DA:4,1
DA:10,1
DA:11,3
DA:12,3
DA:15,3
DA:18,3
DA:19,3
DA:20,3
DA:21,3
DA:23,3
DA:24,3
DA:25,0
DA:26,0
DA:27,3
DA:29,1
DA:30,10
DA:31,10
DA:32,10
DA:34,6
DA:36,6
DA:37,8
DA:38,8
DA:39,6
DA:40,10
DA:41,0
DA:42,0
DA:43,0
DA:44,10
DA:46,1
DA:47,1
DA:48,1
DA:49,1
DA:50,0
DA:51,0
DA:52,1
DA:54,1
DA:55,1
DA:56,1
DA:57,1
DA:58,1
DA:59,1
DA:60,0
DA:61,0
DA:62,1
DA:64,1
DA:65,1
DA:66,1
DA:68,1
DA:69,1
LF:50
LH:41
BRDA:10,0,0,3
BRDA:24,1,0,0
BRDA:15,2,0,1
BRDA:29,3,0,10
BRDA:32,4,0,4
BRDA:32,5,0,6
BRDA:40,6,0,0
BRDA:36,7,0,8
BRDA:46,8,0,1
BRDA:49,9,0,0
BRDA:54,10,0,1
BRDA:59,11,0,0
BRDA:57,12,0,2
BRDA:64,13,0,1
BRDA:68,14,0,1
BRF:15
BRH:11
end_of_record
TN:
SF:src/js/services/recipeNotes.ts
FN:17,saveRecipeNote
FN:44,getRecipeNote
FN:54,getRecipeNotes
FN:71,deleteRecipeNote
FN:81,enrichRecipeWithUserData
FNF:5
FNH:5
FNDA:2,saveRecipeNote
FNDA:4,getRecipeNote
FNDA:8,getRecipeNotes
FNDA:1,deleteRecipeNote
FNDA:1,enrichRecipeWithUserData
DA:3,1
DA:17,1
DA:18,2
DA:19,2
DA:20,2
DA:22,2
DA:24,1
DA:25,1
DA:26,1
DA:28,1
DA:29,1
DA:30,1
DA:31,1
DA:32,1
DA:33,1
DA:34,1
DA:35,1
DA:36,1
DA:38,2
DA:39,2
DA:40,0
DA:41,0
DA:42,2
DA:44,1
DA:45,4
DA:46,4
DA:47,4
DA:48,4
DA:49,0
DA:50,0
DA:51,0
DA:52,4
DA:54,1
DA:55,8
DA:56,8
DA:57,8
DA:59,6
DA:60,6
DA:61,5
DA:62,5
DA:63,5
DA:64,6
DA:65,8
DA:66,0
DA:67,0
DA:68,0
DA:69,8
DA:71,1
DA:72,1
DA:73,1
DA:74,1
DA:75,1
DA:76,1
DA:77,0
DA:78,0
DA:79,1
DA:81,1
DA:82,1
DA:84,1
DA:85,1
DA:86,1
DA:87,1
DA:88,1
LF:63
LH:53
BRDA:17,0,0,2
BRDA:22,1,0,1
BRDA:39,2,0,0
BRDA:20,3,0,1
BRDA:44,4,0,4
BRDA:47,5,0,1
BRDA:48,6,0,0
BRDA:47,7,0,3
BRDA:54,8,0,8
BRDA:57,9,0,2
BRDA:57,10,0,6
BRDA:65,11,0,0
BRDA:60,12,0,5
BRDA:71,13,0,1
BRDA:76,14,0,0
BRDA:74,15,0,1
BRDA:81,16,0,1
BRDA:86,17,0,0
BRF:18
BRH:13
end_of_record
TN:
SF:src/js/services/__tests__/api.test.ts
FNF:0
FNH:0
DA:1,1
DA:15,1
DA:17,1
DA:18,1
DA:19,14
DA:20,14
DA:21,14
DA:22,1
DA:24,1
DA:25,1
DA:26,1
DA:27,1
DA:28,1
DA:30,1
DA:31,1
DA:32,1
DA:33,1
DA:35,1
DA:36,1
DA:37,1
DA:39,1
DA:40,1
DA:41,1
DA:43,1
DA:44,1
DA:45,1
DA:46,1
DA:47,1
DA:48,1
DA:49,1
DA:50,1
DA:51,1
DA:52,1
DA:53,1
DA:54,1
DA:55,1
DA:56,1
DA:57,1
DA:58,1
DA:59,1
DA:60,1
DA:61,1
DA:62,1
DA:63,1
DA:64,1
DA:65,1
DA:66,1
DA:67,1
DA:69,1
DA:70,1
DA:71,1
DA:72,1
DA:73,1
DA:74,1
DA:75,1
DA:76,1
DA:77,1
DA:78,1
DA:79,1
DA:80,1
DA:81,1
DA:82,1
DA:84,1
DA:85,1
DA:86,1
DA:87,1
DA:89,1
DA:90,1
DA:91,1
DA:92,1
DA:93,1
DA:94,1
DA:95,1
DA:97,1
DA:98,1
DA:99,1
DA:101,1
DA:102,1
DA:104,1
DA:105,1
DA:107,1
DA:108,1
DA:110,1
DA:111,1
DA:113,1
DA:114,1
DA:115,1
DA:117,1
DA:118,1
DA:119,1
DA:120,1
DA:121,1
DA:122,1
DA:123,1
DA:125,1
DA:126,1
DA:127,1
DA:128,1
DA:130,1
DA:131,1
DA:132,1
DA:133,1
DA:136,1
DA:137,1
DA:138,1
DA:141,1
DA:142,1
DA:143,1
DA:144,1
DA:146,1
DA:147,1
DA:148,1
DA:149,1
DA:150,1
DA:152,1
DA:153,1
DA:154,1
DA:155,1
DA:157,1
DA:158,1
DA:159,1
DA:160,1
DA:162,1
DA:163,1
DA:164,1
DA:166,1
DA:167,1
DA:168,1
DA:169,1
DA:170,1
DA:172,1
DA:173,1
DA:174,1
DA:175,1
DA:176,1
DA:178,1
DA:180,1
DA:181,1
DA:182,1
DA:183,1
DA:184,1
DA:187,1
DA:188,1
DA:189,1
DA:190,1
DA:191,1
DA:192,1
DA:193,1
LF:148
LH:148
BRDA:17,0,0,1
BRDA:18,1,0,14
BRDA:24,2,0,1
BRDA:30,3,0,1
BRDA:35,4,0,1
BRDA:43,5,0,1
BRDA:69,6,0,1
BRDA:84,7,0,1
BRDA:89,8,0,1
BRDA:97,9,0,1
BRDA:117,10,0,1
BRDA:125,11,0,1
BRDA:146,12,0,1
BRDA:157,13,0,1
BRDA:159,14,0,1
BRDA:172,15,0,1
BRDA:178,16,0,1
BRF:17
BRH:17
end_of_record
TN:
SF:src/js/services/__tests__/recentlyViewed.test.ts
FNF:0
FNH:0
DA:1,1
DA:8,1
DA:10,1
DA:11,1
DA:12,1
DA:13,1
DA:14,1
DA:15,1
DA:16,1
DA:17,1
DA:18,1
DA:20,1
DA:21,1
DA:22,2
DA:23,1
DA:25,1
DA:26,1
DA:27,1
DA:28,1
DA:29,1
DA:30,1
DA:31,1
DA:33,1
DA:34,1
DA:36,1
DA:37,1
DA:38,1
DA:40,1
DA:41,1
DA:42,1
DA:44,1
DA:45,1
DA:46,1
DA:47,1
DA:48,1
DA:49,1
LF:36
LH:36
BRDA:20,0,0,1
BRDA:21,1,0,2
BRDA:25,2,0,1
BRDA:38,3,0,1
BRDA:44,4,0,1
BRF:5
BRH:5
end_of_record
TN:
SF:src/js/services/__tests__/recipeNotes.test.ts
FNF:0
FNH:0
DA:1,1
DA:8,1
DA:10,1
DA:11,1
DA:12,1
DA:13,1
DA:15,1
DA:16,1
DA:18,1
DA:19,1
DA:20,1
DA:21,1
DA:22,1
DA:24,1
DA:25,1
DA:26,1
DA:28,1
DA:29,1
DA:30,1
DA:32,1
DA:33,1
DA:34,1
DA:35,1
LF:23
LH:23
BRDA:10,0,0,1
BRDA:11,1,0,1
BRDA:15,2,0,1
BRF:3
BRH:3
end_of_record
TN:
SF:src/js/utils/logger.ts
FN:8,noop
FN:11,logger.debug
FN:12,info
FN:13,warn
FN:14,error
FNF:5
FNH:4
FNDA:0,noop
FNDA:20,logger.debug
FNDA:1,info
FNDA:1,warn
FNDA:1,error
DA:4,1
DA:8,1
DA:10,1
DA:11,1
DA:12,1
DA:13,1
DA:14,1
DA:15,1
DA:17,1
LF:9
LH:9
BRDA:11,0,0,0
BRDA:11,1,0,20
BRDA:12,2,0,1
BRDA:13,3,0,1
BRDA:14,4,0,1
BRF:5
BRH:4
end_of_record
TN:
SF:src/js/utils/__tests__/logger.test.ts
FNF:0
FNH:0
DA:1,1
DA:2,1
DA:4,1
DA:5,1
DA:6,1
DA:7,1
DA:8,1
DA:9,1
DA:12,1
DA:13,1
DA:14,1
DA:15,1
DA:16,1
DA:17,1
LF:14
LH:14
BRDA:4,0,0,1
BRDA:5,1,0,1
BRF:2
BRH:2
end_of_record
